Initializing the first experiment:
Epoch 0: 9014 / 10000 took 3.25 seconds to complete.
Epoch 1: 9183 / 10000 took 3.28 seconds to complete.
Epoch 2: 9236 / 10000 took 3.13 seconds to complete.
Epoch 3: 9299 / 10000 took 4.25 seconds to complete.
Epoch 4: 9371 / 10000 took 4.30 seconds to complete.
Epoch 5: 9365 / 10000 took 4.30 seconds to complete.
Epoch 6: 9399 / 10000 took 4.33 seconds to complete.
Epoch 7: 9416 / 10000 took 4.31 seconds to complete.
Epoch 8: 9402 / 10000 took 4.34 seconds to complete.
Epoch 9: 9395 / 10000 took 4.31 seconds to complete.
Epoch 10: 9425 / 10000 took 4.35 seconds to complete.
Epoch 11: 9418 / 10000 took 4.34 seconds to complete.
Epoch 12: 9418 / 10000 took 4.34 seconds to complete.
Epoch 13: 9442 / 10000 took 4.33 seconds to complete.
Epoch 14: 9471 / 10000 took 4.36 seconds to complete.
Epoch 15: 9464 / 10000 took 4.33 seconds to complete.
Epoch 16: 9412 / 10000 took 4.36 seconds to complete.
Epoch 17: 9444 / 10000 took 4.35 seconds to complete.
Epoch 18: 9467 / 10000 took 4.37 seconds to complete.
Epoch 19: 9463 / 10000 took 4.35 seconds to complete.
Epoch 20: 9468 / 10000 took 4.37 seconds to complete.
Epoch 21: 9457 / 10000 took 4.36 seconds to complete.
Epoch 22: 9473 / 10000 took 4.35 seconds to complete.
Epoch 23: 9467 / 10000 took 4.35 seconds to complete.
Epoch 24: 9477 / 10000 took 4.36 seconds to complete.
Epoch 25: 9473 / 10000 took 4.39 seconds to complete.
Epoch 26: 9454 / 10000 took 4.37 seconds to complete.
Epoch 27: 9494 / 10000 took 4.34 seconds to complete.
Epoch 28: 9457 / 10000 took 4.37 seconds to complete.
Epoch 29: 9466 / 10000 took 4.35 seconds to complete.

Initializing the second experiment:
Epoch 0: 6472 / 10000 took 8.07 seconds to complete.
Epoch 1: 7529 / 10000 took 8.13 seconds to complete.
Epoch 2: 7583 / 10000 took 8.18 seconds to complete.
Epoch 3: 7670 / 10000 took 8.19 seconds to complete.
Epoch 4: 7682 / 10000 took 8.32 seconds to complete.
Epoch 5: 7717 / 10000 took 8.23 seconds to complete.
Epoch 6: 7731 / 10000 took 8.16 seconds to complete.
Epoch 7: 7724 / 10000 took 8.14 seconds to complete.
Epoch 8: 7732 / 10000 took 8.04 seconds to complete.
Epoch 9: 7764 / 10000 took 7.85 seconds to complete.
Epoch 10: 7803 / 10000 took 8.16 seconds to complete.
Epoch 11: 8700 / 10000 took 8.52 seconds to complete.
Epoch 12: 8705 / 10000 took 12.31 seconds to complete.
Epoch 13: 8699 / 10000 took 8.25 seconds to complete.
Epoch 14: 8709 / 10000 took 9.34 seconds to complete.
Epoch 15: 8742 / 10000 took 9.67 seconds to complete.
Epoch 16: 8734 / 10000 took 8.22 seconds to complete.
Epoch 17: 8724 / 10000 took 9.26 seconds to complete.
Epoch 18: 8738 / 10000 took 10.19 seconds to complete.
Epoch 19: 8741 / 10000 took 9.56 seconds to complete.
Epoch 20: 8764 / 10000 took 8.46 seconds to complete.
Epoch 21: 8748 / 10000 took 8.28 seconds to complete.
Epoch 22: 8744 / 10000 took 10.89 seconds to complete.
Epoch 23: 8755 / 10000 took 10.88 seconds to complete.
Epoch 24: 8759 / 10000 took 12.56 seconds to complete.
Epoch 25: 8752 / 10000 took 16.82 seconds to complete.
Epoch 26: 8749 / 10000 took 16.59 seconds to complete.
Epoch 27: 8761 / 10000 took 12.13 seconds to complete.
Epoch 28: 8768 / 10000 took 9.41 seconds to complete.
Epoch 29: 8758 / 10000 took 15.50 seconds to complete.

Initializing the third experiment:
Epoch 0: 1014 / 10000 took 10.92 seconds to complete.
Epoch 1: 1014 / 10000 took 8.25 seconds to complete.
Epoch 2: 1013 / 10000 took 8.34 seconds to complete.
Epoch 3: 1013 / 10000 took 8.48 seconds to complete.
Epoch 4: 1014 / 10000 took 7.96 seconds to complete.
Epoch 5: 1016 / 10000 took 8.34 seconds to complete.
Epoch 6: 1034 / 10000 took 8.46 seconds to complete.
Epoch 7: 1213 / 10000 took 8.24 seconds to complete.
Epoch 8: 1265 / 10000 took 8.34 seconds to complete.
Epoch 9: 1326 / 10000 took 8.03 seconds to complete.
Epoch 10: 1337 / 10000 took 7.61 seconds to complete.
Epoch 11: 1350 / 10000 took 8.28 seconds to complete.
Epoch 12: 1357 / 10000 took 8.32 seconds to complete.
Epoch 13: 1370 / 10000 took 8.48 seconds to complete.
Epoch 14: 1385 / 10000 took 8.39 seconds to complete.
Epoch 15: 1410 / 10000 took 10.80 seconds to complete.
Epoch 16: 1418 / 10000 took 8.42 seconds to complete.
Epoch 17: 1429 / 10000 took 8.47 seconds to complete.
Epoch 18: 1444 / 10000 took 8.40 seconds to complete.
Epoch 19: 1456 / 10000 took 9.08 seconds to complete.
Epoch 20: 1465 / 10000 took 8.38 seconds to complete.
Epoch 21: 1480 / 10000 took 8.51 seconds to complete.
Epoch 22: 1490 / 10000 took 8.30 seconds to complete.
Epoch 23: 1506 / 10000 took 8.30 seconds to complete.
Epoch 24: 1539 / 10000 took 8.48 seconds to complete.
Epoch 25: 1543 / 10000 took 8.33 seconds to complete.
Epoch 26: 1546 / 10000 took 8.40 seconds to complete.
Epoch 27: 1570 / 10000 took 8.11 seconds to complete.
Epoch 28: 1587 / 10000 took 8.20 seconds to complete.
Epoch 29: 1609 / 10000 took 8.28 seconds to complete.

Initializing the fourth experiment:
Epoch 0: 2010 / 10000 took 8.31 seconds to complete.
Epoch 1: 2309 / 10000 took 8.25 seconds to complete.
Epoch 2: 2530 / 10000 took 8.10 seconds to complete.
Epoch 3: 2755 / 10000 took 6.99 seconds to complete.
Epoch 4: 2947 / 10000 took 8.34 seconds to complete.
Epoch 5: 3154 / 10000 took 8.31 seconds to complete.
Epoch 6: 3343 / 10000 took 8.40 seconds to complete.
Epoch 7: 3491 / 10000 took 12.71 seconds to complete.
Epoch 8: 3604 / 10000 took 14.20 seconds to complete.
Epoch 9: 3728 / 10000 took 11.18 seconds to complete.
Epoch 10: 3834 / 10000 took 10.22 seconds to complete.
Epoch 11: 3951 / 10000 took 9.75 seconds to complete.
Epoch 12: 4060 / 10000 took 10.00 seconds to complete.
Epoch 13: 4173 / 10000 took 9.91 seconds to complete.
Epoch 14: 4278 / 10000 took 10.05 seconds to complete.
Epoch 15: 4373 / 10000 took 9.95 seconds to complete.
Epoch 16: 4474 / 10000 took 9.96 seconds to complete.
Epoch 17: 4583 / 10000 took 10.04 seconds to complete.
Epoch 18: 4688 / 10000 took 9.70 seconds to complete.
Epoch 19: 4790 / 10000 took 9.97 seconds to complete.
Epoch 20: 4847 / 10000 took 9.92 seconds to complete.
Epoch 21: 4908 / 10000 took 9.95 seconds to complete.
Epoch 22: 4948 / 10000 took 9.93 seconds to complete.
Epoch 23: 5008 / 10000 took 9.64 seconds to complete.
Epoch 24: 5072 / 10000 took 9.75 seconds to complete.
Epoch 25: 5132 / 10000 took 10.46 seconds to complete.
Epoch 26: 5185 / 10000 took 8.75 seconds to complete.
Epoch 27: 5233 / 10000 took 8.16 seconds to complete.
Epoch 28: 5281 / 10000 took 8.44 seconds to complete.
Epoch 29: 5329 / 10000 took 8.20 seconds to complete.

Initializing the fifth experiment:
Epoch 0: 983 / 10000 took 3.21 seconds to complete.
Epoch 1: 1128 / 10000 took 4.33 seconds to complete.
Epoch 2: 1126 / 10000 took 3.28 seconds to complete.
Epoch 3: 1126 / 10000 took 4.34 seconds to complete.
Epoch 4: 1124 / 10000 took 4.38 seconds to complete.
Epoch 5: 1124 / 10000 took 4.39 seconds to complete.
Epoch 6: 1122 / 10000 took 4.38 seconds to complete.
Epoch 7: 1122 / 10000 took 3.41 seconds to complete.
Epoch 8: 1122 / 10000 took 3.16 seconds to complete.
Epoch 9: 1122 / 10000 took 3.15 seconds to complete.
Epoch 10: 1122 / 10000 took 4.31 seconds to complete.
Epoch 11: 1121 / 10000 took 4.29 seconds to complete.
Epoch 12: 1121 / 10000 took 4.38 seconds to complete.
Epoch 13: 1120 / 10000 took 4.35 seconds to complete.
Epoch 14: 1120 / 10000 took 4.34 seconds to complete.
Epoch 15: 1119 / 10000 took 4.34 seconds to complete.
Epoch 16: 1119 / 10000 took 3.60 seconds to complete.
Epoch 17: 1118 / 10000 took 4.31 seconds to complete.
Epoch 18: 1117 / 10000 took 4.32 seconds to complete.
Epoch 19: 1116 / 10000 took 3.18 seconds to complete.
Epoch 20: 1115 / 10000 took 3.17 seconds to complete.
Epoch 21: 1115 / 10000 took 3.14 seconds to complete.
Epoch 22: 1112 / 10000 took 3.19 seconds to complete.
Epoch 23: 1112 / 10000 took 4.32 seconds to complete.
Epoch 24: 1111 / 10000 took 3.16 seconds to complete.
Epoch 25: 1110 / 10000 took 4.29 seconds to complete.
Epoch 26: 1110 / 10000 took 3.25 seconds to complete.
Epoch 27: 1109 / 10000 took 3.27 seconds to complete.
Epoch 28: 1109 / 10000 took 3.25 seconds to complete.
Epoch 29: 1109 / 10000 took 3.28 seconds to complete.